# JRE version: OpenJDK Runtime Environment (20.0.1+9) (build 20.0.1+9-29)
# Java VM: OpenJDK 64-Bit Server VM (20.0.1+9-29, mixed mode, sharing, tiered, compressed oops, compressed class ptrs, g1 gc, windows-amd64)
GC Precious Log:
 CardTable entry size: 512
 Card Set container configuration: InlinePtr #cards 5 size 8 Array Of Cards #cards 12 size 40 Howl #buckets 4 coarsen threshold 1843 Howl Bitmap #cards 512 size 80 coarsen threshold 460 Card regions per heap region 1 cards per card region 2048
 CPUs: 4 total, 4 available
 Memory: 3964M
 Large Page Support: Disabled
 NUMA Support: Disabled
 Compressed Oops: Enabled (32-bit)
 Heap Region Size: 1M
 Heap Min Capacity: 8M
 Heap Initial Capacity: 62M
 Heap Max Capacity: 992M
 Pre-touch: Disabled
 Parallel Workers: 4
 Concurrent Workers: 1
 Concurrent Refinement Workers: 4
 Periodic GC: Disabled
Heap:
 garbage-first heap   total 63488K, used 29972K [0x00000000c2000000, 0x0000000100000000)
  region size 1024K, 2 young (2048K), 2 survivors (2048K)
 Metaspace       used 63719K, committed 64320K, reserved 1114112K
  class space    used 8702K, committed 8960K, reserved 1048576K
GC Heap History (20 events):
Event: 25.349 GC heap after
{Heap after GC invocations=11 (full 0):
 garbage-first heap   total 48128K, used 21050K [0x00000000c2000000, 0x0000000100000000)
  region size 1024K, 2 young (2048K), 2 survivors (2048K)
 Metaspace       used 42245K, committed 42752K, reserved 1114112K
  class space    used 5439K, committed 5632K, reserved 1048576K
}
Event: 26.979 GC heap before
{Heap before GC invocations=11 (full 0):
 garbage-first heap   total 48128K, used 40506K [0x00000000c2000000, 0x0000000100000000)
  region size 1024K, 21 young (21504K), 2 survivors (2048K)
 Metaspace       used 47895K, committed 48384K, reserved 1114112K
  class space    used 6226K, committed 6400K, reserved 1048576K
}
Event: 26.993 GC heap after
{Heap after GC invocations=12 (full 0):
 garbage-first heap   total 48128K, used 22396K [0x00000000c2000000, 0x0000000100000000)
  region size 1024K, 2 young (2048K), 2 survivors (2048K)
 Metaspace       used 47895K, committed 48384K, reserved 1114112K
  class space    used 6226K, committed 6400K, reserved 1048576K
}
Event: 28.079 GC heap before
{Heap before GC invocations=12 (full 0):
 garbage-first heap   total 48128K, used 40828K [0x00000000c2000000, 0x0000000100000000)
  region size 1024K, 20 young (20480K), 2 survivors (2048K)
 Metaspace       used 50732K, committed 51200K, reserved 1114112K
  class space    used 6712K, committed 6912K, reserved 1048576K
}
Event: 28.084 GC heap after
{Heap after GC invocations=13 (full 0):
 garbage-first heap   total 48128K, used 22769K [0x00000000c2000000, 0x0000000100000000)
  region size 1024K, 2 young (2048K), 2 survivors (2048K)
 Metaspace       used 50732K, committed 51200K, reserved 1114112K
  class space    used 6712K, committed 6912K, reserved 1048576K
}
Event: 29.458 GC heap before
{Heap before GC invocations=13 (full 0):
 garbage-first heap   total 48128K, used 42225K [0x00000000c2000000, 0x0000000100000000)
  region size 1024K, 21 young (21504K), 2 survivors (2048K)
 Metaspace       used 53750K, committed 54272K, reserved 1114112K
  class space    used 7115K, committed 7360K, reserved 1048576K
}
Event: 29.466 GC heap after
{Heap after GC invocations=14 (full 0):
 garbage-first heap   total 48128K, used 23455K [0x00000000c2000000, 0x0000000100000000)
  region size 1024K, 2 young (2048K), 2 survivors (2048K)
 Metaspace       used 53750K, committed 54272K, reserved 1114112K
  class space    used 7115K, committed 7360K, reserved 1048576K
}
Event: 34.691 GC heap before
{Heap before GC invocations=14 (full 0):
 garbage-first heap   total 48128K, used 41887K [0x00000000c2000000, 0x0000000100000000)
  region size 1024K, 20 young (20480K), 2 survivors (2048K)
 Metaspace       used 57766K, committed 58368K, reserved 1114112K
  class space    used 7607K, committed 7872K, reserved 1048576K
}
Event: 34.703 GC heap after
{Heap after GC invocations=15 (full 0):
 garbage-first heap   total 48128K, used 25172K [0x00000000c2000000, 0x0000000100000000)
  region size 1024K, 3 young (3072K), 3 survivors (3072K)
 Metaspace       used 57766K, committed 58368K, reserved 1114112K
  class space    used 7607K, committed 7872K, reserved 1048576K
}
Event: 35.266 GC heap before
{Heap before GC invocations=16 (full 0):
 garbage-first heap   total 48128K, used 41556K [0x00000000c2000000, 0x0000000100000000)
  region size 1024K, 19 young (19456K), 3 survivors (3072K)
 Metaspace       used 59903K, committed 60480K, reserved 1114112K
  class space    used 8050K, committed 8320K, reserved 1048576K
}
Event: 35.279 GC heap after
{Heap after GC invocations=17 (full 0):
 garbage-first heap   total 48128K, used 26413K [0x00000000c2000000, 0x0000000100000000)
  region size 1024K, 2 young (2048K), 2 survivors (2048K)
 Metaspace       used 59903K, committed 60480K, reserved 1114112K
  class space    used 8050K, committed 8320K, reserved 1048576K
}
Event: 35.607 GC heap before
{Heap before GC invocations=17 (full 0):
 garbage-first heap   total 48128K, used 41773K [0x00000000c2000000, 0x0000000100000000)
  region size 1024K, 17 young (17408K), 2 survivors (2048K)
 Metaspace       used 61918K, committed 62464K, reserved 1114112K
  class space    used 8476K, committed 8704K, reserved 1048576K
}
Event: 35.619 GC heap after
{Heap after GC invocations=18 (full 0):
 garbage-first heap   total 48128K, used 27503K [0x00000000c2000000, 0x0000000100000000)
  region size 1024K, 3 young (3072K), 3 survivors (3072K)
 Metaspace       used 61918K, committed 62464K, reserved 1114112K
  class space    used 8476K, committed 8704K, reserved 1048576K
}
Event: 35.924 GC heap before
{Heap before GC invocations=18 (full 0):
 garbage-first heap   total 48128K, used 41839K [0x00000000c2000000, 0x0000000100000000)
  region size 1024K, 17 young (17408K), 3 survivors (3072K)
 Metaspace       used 63376K, committed 63872K, reserved 1114112K
  class space    used 8665K, committed 8896K, reserved 1048576K
}
Event: 35.935 GC heap after
{Heap after GC invocations=19 (full 0):
 garbage-first heap   total 48128K, used 28461K [0x00000000c2000000, 0x0000000100000000)
  region size 1024K, 3 young (3072K), 3 survivors (3072K)
 Metaspace       used 63376K, committed 63872K, reserved 1114112K
  class space    used 8665K, committed 8896K, reserved 1048576K
}
Event: 36.060 GC heap before
{Heap before GC invocations=20 (full 0):
 garbage-first heap   total 63488K, used 39725K [0x00000000c2000000, 0x0000000100000000)
  region size 1024K, 14 young (14336K), 3 survivors (3072K)
 Metaspace       used 63388K, committed 63936K, reserved 1114112K
  class space    used 8666K, committed 8896K, reserved 1048576K
}
Event: 36.067 GC heap after
{Heap after GC invocations=21 (full 0):
 garbage-first heap   total 63488K, used 28939K [0x00000000c2000000, 0x0000000100000000)
  region size 1024K, 2 young (2048K), 2 survivors (2048K)
 Metaspace       used 63388K, committed 63936K, reserved 1114112K
  class space    used 8666K, committed 8896K, reserved 1048576K
}
Event: 36.302 GC heap before
{Heap before GC invocations=21 (full 0):
 garbage-first heap   total 63488K, used 56587K [0x00000000c2000000, 0x0000000100000000)
  region size 1024K, 29 young (29696K), 2 survivors (2048K)
 Metaspace       used 63389K, committed 63936K, reserved 1114112K
  class space    used 8666K, committed 8896K, reserved 1048576K
}
Event: 36.311 GC heap after
{Heap after GC invocations=22 (full 0):
 garbage-first heap   total 63488K, used 29909K [0x00000000c2000000, 0x0000000100000000)
  region size 1024K, 3 young (3072K), 3 survivors (3072K)
 Metaspace       used 63389K, committed 63936K, reserved 1114112K
  class space    used 8666K, committed 8896K, reserved 1048576K
}
Event: 36.653 GC heap before
{Heap before GC invocations=22 (full 0):
 garbage-first heap   total 63488K, used 55509K [0x00000000c2000000, 0x0000000100000000)
  region size 1024K, 28 young (28672K), 3 survivors (3072K)
 Metaspace       used 63719K, committed 64320K, reserved 1114112K
  class space    used 8702K, committed 8960K, reserved 1048576K
}

